<?xml version="1.0" encoding="UTF-8"?>
<!-- Generated by org.testng.reporters.JUnitXMLReporter -->
<testsuite ignored="0" hostname="DESKTOP-896SHKI" failures="0" tests="4" name="Default test" time="19.717" errors="0" timestamp="2023-07-19T16:24:03 EDT">
  <testcase classname="com.testCases.Home_WomensSection" name="womensSectionCheckBoxes" time="1.419"/>
  <testcase classname="com.testCases.Home_WomensSection" name="nameCheckBoxes" time="0.332"/>
  <testcase classname="com.testCases.Home_WomensSection" name="multipleSelectionChek" time="3.391"/>
  <testcase classname="com.testCases.Home_WomensSection" name="allCheckBoxesSelected" time="7.595"/>
</testsuite> <!-- Default test -->
