<?xml version="1.0" encoding="UTF-8"?>
<!-- Generated by org.testng.reporters.JUnitXMLReporter -->
<testsuite ignored="2" hostname="DESKTOP-896SHKI" failures="0" tests="5" name="TestNGTest1" time="22.223" errors="0" timestamp="2023-07-19T16:30:39 EDT">
  <testcase classname="com.testCases.SearchItem" name="accessAllow" time="2.849"/>
  <testcase classname="com.testCases.Home_WomensSection" name="womensSectionCheckBoxes" time="1.377"/>
  <testcase classname="com.testCases.Home_WomensSection" name="nameCheckBoxes" time="0.419"/>
  <testcase classname="com.testCases.Home_WomensSection" name="multipleSelectionChek" time="3.412"/>
  <testcase classname="com.testCases.Home_WomensSection" name="allCheckBoxesSelected" time="7.842"/>
  <testcase classname="com.base.BaseClass" name="@AfterSuite tearDown" time="0.0">
    <ignored/>
  </testcase> <!-- @AfterSuite tearDown -->
  <testcase classname="com.base.BaseClass" name="@BeforeSuite setup" time="0.0">
    <ignored/>
  </testcase> <!-- @BeforeSuite setup -->
</testsuite> <!-- TestNGTest1 -->
